2019-03-25 11:12:14,536 INFO  main                             - SOFABoot Runtime Starting!
2019-03-25 11:12:16,498 INFO  main                             - Registering component: reference:com.example.servicefacade.SampleJvmService:annotationImpl#414599042
2019-03-25 11:12:16,498 INFO  main                             -  >>In Binding [jvm] Begins - com.example.servicefacade.SampleJvmService:annotationImpl.
2019-03-25 11:12:16,502 INFO  main                             -  >>In Binding [jvm] Ends - com.example.servicefacade.SampleJvmService:annotationImpl.
2019-03-25 11:12:17,453 INFO  main                             - ++++++++++++++++++ ModelCreatingStage of demo Start +++++++++++++++++
2019-03-25 11:12:17,459 INFO  main                             - ++++++++++++++++++ ModelCreatingStage of demo End +++++++++++++++++
2019-03-25 11:12:17,459 INFO  main                             - ++++++++++++++++++ SpringContextInstallStage of demo Start +++++++++++++++++
2019-03-25 11:12:17,460 INFO  main                             - 
All activated module list(2) >>>>>>>
  ├─ com.example.service-consumer
  └─ com.example.service-provider

Modules that could install(2) >>>>>>>
  ├─ com.example.service-provider
  └─ com.example.service-consumer

2019-03-25 11:12:17,465 INFO  main                             - Start install demos module: com.example.service-provider
2019-03-25 11:12:17,710 INFO  main                             - Start install demos module: com.example.service-consumer
2019-03-25 11:12:17,732 INFO  sofa-module-start-com.example.service-provider - Begin refresh Spring Application Context of module com.example.service-provider of application demo.
2019-03-25 11:12:17,757 INFO  sofa-module-start-com.example.service-provider - Registering component: service:com.example.servicefacade.SampleJvmService:annotationImpl
2019-03-25 11:12:17,757 INFO  sofa-module-start-com.example.service-provider -  <<PreOut Binding [jvm] Begins - com.example.servicefacade.SampleJvmService:annotationImpl.
2019-03-25 11:12:17,757 INFO  sofa-module-start-com.example.service-provider -  <<PreOut Binding [jvm] Ends - com.example.servicefacade.SampleJvmService:annotationImpl.
2019-03-25 11:12:17,757 INFO  sofa-module-start-com.example.service-provider -  <<Out Binding [jvm] Begins - com.example.servicefacade.SampleJvmService:annotationImpl.
2019-03-25 11:12:17,757 INFO  sofa-module-start-com.example.service-provider -  <<Out Binding [jvm] Ends - com.example.servicefacade.SampleJvmService:annotationImpl.
2019-03-25 11:12:17,757 INFO  sofa-module-start-com.example.service-provider - Register Service - com.example.servicefacade.SampleJvmService:annotationImpl
2019-03-25 11:12:17,855 INFO  sofa-module-start-com.example.service-consumer - Begin refresh Spring Application Context of module com.example.service-consumer of application demo.
2019-03-25 11:12:17,881 INFO  main                             - ++++++++++++++++++ SpringContextInstallStage of demo End +++++++++++++++++
2019-03-25 11:12:17,881 INFO  main                             - ++++++++++++++++++ ModuleLogOutputStage of demo Start +++++++++++++++++
2019-03-25 11:12:17,881 INFO  main                             - 
Spring context initialize success module list(2) >>>>>>> [totalTime = 149 ms, realTime = 149 ms]
  ├─ com.example.service-provider [123 ms]
  │    `---E:\sofa\sofa_sutdy\service-provider\target\classes\META-INF\spring\service-provide.xml
  └─ com.example.service-consumer [26 ms]
       `---E:\sofa\sofa_sutdy\service-consumer\target\classes\META-INF\spring\service-consumer.xml

Spring context initialize failed module list(0) >>>>>>>

Spring bean load time cost list(2) >>>>>>> [totalTime = 149 ms, realTime = 149 ms]
  ├─ com.example.service-provider [123 ms]
  └─ com.example.service-consumer [26 ms]

2019-03-25 11:12:17,881 INFO  main                             - ++++++++++++++++++ ModuleLogOutputStage of demo End +++++++++++++++++
